<?xml version="1.0" encoding="UTF-8"?>
<testsuite name="com.kygirii88.zipsa.springboot.web.HelloControllerTest" tests="2" skipped="0" failures="0" errors="0" timestamp="2021-02-14T02:36:43" hostname="gwon-yong-gil-ui-MacBook-Air.local" time="0.771">
  <properties/>
  <testcase name="hello가_리턴된다" classname="com.kygirii88.zipsa.springboot.web.HelloControllerTest" time="0.626"/>
  <testcase name="hellloDto가_리턴된다" classname="com.kygirii88.zipsa.springboot.web.HelloControllerTest" time="0.144"/>
  <system-out><![CDATA[11:36:35.622 [Test worker] DEBUG org.springframework.test.context.junit4.SpringJUnit4ClassRunner - SpringJUnit4ClassRunner constructor called with [class com.kygirii88.zipsa.springboot.web.HelloControllerTest]
11:36:35.633 [Test worker] DEBUG org.springframework.test.context.BootstrapUtils - Instantiating CacheAwareContextLoaderDelegate from class [org.springframework.test.context.cache.DefaultCacheAwareContextLoaderDelegate]
11:36:35.664 [Test worker] DEBUG org.springframework.test.context.BootstrapUtils - Instantiating BootstrapContext using constructor [public org.springframework.test.context.support.DefaultBootstrapContext(java.lang.Class,org.springframework.test.context.CacheAwareContextLoaderDelegate)]
11:36:35.723 [Test worker] DEBUG org.springframework.test.context.BootstrapUtils - Instantiating TestContextBootstrapper for test class [com.kygirii88.zipsa.springboot.web.HelloControllerTest] from class [org.springframework.boot.test.autoconfigure.web.servlet.WebMvcTestContextBootstrapper]
11:36:35.784 [Test worker] INFO org.springframework.boot.test.autoconfigure.web.servlet.WebMvcTestContextBootstrapper - Neither @ContextConfiguration nor @ContextHierarchy found for test class [com.kygirii88.zipsa.springboot.web.HelloControllerTest], using SpringBootContextLoader
11:36:35.795 [Test worker] DEBUG org.springframework.test.context.support.AbstractContextLoader - Did not detect default resource location for test class [com.kygirii88.zipsa.springboot.web.HelloControllerTest]: class path resource [com/kygirii88/zipsa/springboot/web/HelloControllerTest-context.xml] does not exist
11:36:35.796 [Test worker] DEBUG org.springframework.test.context.support.AbstractContextLoader - Did not detect default resource location for test class [com.kygirii88.zipsa.springboot.web.HelloControllerTest]: class path resource [com/kygirii88/zipsa/springboot/web/HelloControllerTestContext.groovy] does not exist
11:36:35.796 [Test worker] INFO org.springframework.test.context.support.AbstractContextLoader - Could not detect default resource locations for test class [com.kygirii88.zipsa.springboot.web.HelloControllerTest]: no resource found for suffixes {-context.xml, Context.groovy}.
11:36:35.799 [Test worker] INFO org.springframework.test.context.support.AnnotationConfigContextLoaderUtils - Could not detect default configuration classes for test class [com.kygirii88.zipsa.springboot.web.HelloControllerTest]: HelloControllerTest does not declare any static, non-private, non-final, nested classes annotated with @Configuration.
11:36:36.022 [Test worker] DEBUG org.springframework.test.context.support.ActiveProfilesUtils - Could not find an 'annotation declaring class' for annotation type [org.springframework.test.context.ActiveProfiles] and class [com.kygirii88.zipsa.springboot.web.HelloControllerTest]
11:36:36.247 [Test worker] DEBUG org.springframework.context.annotation.ClassPathScanningCandidateComponentProvider - Identified candidate component class: file [/Users/kwon-young-gil/Documents/project/Zipsa-webservice/build/classes/java/main/com/kygirii88/zipsa/springboot/Application.class]
11:36:36.251 [Test worker] INFO org.springframework.boot.test.context.SpringBootTestContextBootstrapper - Found @SpringBootConfiguration com.kygirii88.zipsa.springboot.Application for test class com.kygirii88.zipsa.springboot.web.HelloControllerTest
11:36:36.269 [Test worker] DEBUG org.springframework.boot.test.autoconfigure.web.servlet.WebMvcTestContextBootstrapper - @TestExecutionListeners is not present for class [com.kygirii88.zipsa.springboot.web.HelloControllerTest]: using defaults.
11:36:36.273 [Test worker] INFO org.springframework.boot.test.autoconfigure.web.servlet.WebMvcTestContextBootstrapper - Loaded default TestExecutionListener class names from location [META-INF/spring.factories]: [org.springframework.security.test.context.support.WithSecurityContextTestExecutionListener, org.springframework.security.test.context.support.ReactorContextTestExecutionListener, org.springframework.boot.test.autoconfigure.restdocs.RestDocsTestExecutionListener, org.springframework.boot.test.autoconfigure.web.client.MockRestServiceServerResetTestExecutionListener, org.springframework.boot.test.autoconfigure.web.servlet.MockMvcPrintOnlyOnFailureTestExecutionListener, org.springframework.boot.test.autoconfigure.web.servlet.WebDriverTestExecutionListener, org.springframework.boot.test.mock.mockito.MockitoTestExecutionListener, org.springframework.boot.test.mock.mockito.ResetMocksTestExecutionListener, org.springframework.test.context.web.ServletTestExecutionListener, org.springframework.test.context.support.DirtiesContextBeforeModesTestExecutionListener, org.springframework.test.context.support.DependencyInjectionTestExecutionListener, org.springframework.test.context.support.DirtiesContextTestExecutionListener, org.springframework.test.context.transaction.TransactionalTestExecutionListener, org.springframework.test.context.jdbc.SqlScriptsTestExecutionListener]
11:36:36.370 [Test worker] INFO org.springframework.boot.test.autoconfigure.web.servlet.WebMvcTestContextBootstrapper - Using TestExecutionListeners: [org.springframework.test.context.web.ServletTestExecutionListener@332a1e76, org.springframework.test.context.support.DirtiesContextBeforeModesTestExecutionListener@d92153c, org.springframework.boot.test.mock.mockito.MockitoTestExecutionListener@3cb80d73, org.springframework.boot.test.autoconfigure.SpringBootDependencyInjectionTestExecutionListener@8375a2b, org.springframework.test.context.support.DirtiesContextTestExecutionListener@6b0d2cf5, org.springframework.test.context.transaction.TransactionalTestExecutionListener@76abff5d, org.springframework.test.context.jdbc.SqlScriptsTestExecutionListener@a04b76e, org.springframework.security.test.context.support.WithSecurityContextTestExecutionListener@38505207, org.springframework.security.test.context.support.ReactorContextTestExecutionListener@3ab8ab7c, org.springframework.boot.test.autoconfigure.restdocs.RestDocsTestExecutionListener@13c0ea61, org.springframework.boot.test.autoconfigure.web.client.MockRestServiceServerResetTestExecutionListener@3c5090b0, org.springframework.boot.test.autoconfigure.web.servlet.MockMvcPrintOnlyOnFailureTestExecutionListener@6aa3d57, org.springframework.boot.test.autoconfigure.web.servlet.WebDriverTestExecutionListener@79b695b5, org.springframework.boot.test.mock.mockito.ResetMocksTestExecutionListener@6d31fb00]
11:36:36.376 [Test worker] DEBUG org.springframework.test.annotation.ProfileValueUtils - Retrieved @ProfileValueSourceConfiguration [null] for test class [com.kygirii88.zipsa.springboot.web.HelloControllerTest]
11:36:36.379 [Test worker] DEBUG org.springframework.test.annotation.ProfileValueUtils - Retrieved ProfileValueSource type [class org.springframework.test.annotation.SystemProfileValueSource] for class [com.kygirii88.zipsa.springboot.web.HelloControllerTest]
11:36:36.380 [Test worker] DEBUG org.springframework.test.annotation.ProfileValueUtils - Retrieved @ProfileValueSourceConfiguration [null] for test class [com.kygirii88.zipsa.springboot.web.HelloControllerTest]
11:36:36.380 [Test worker] DEBUG org.springframework.test.annotation.ProfileValueUtils - Retrieved ProfileValueSource type [class org.springframework.test.annotation.SystemProfileValueSource] for class [com.kygirii88.zipsa.springboot.web.HelloControllerTest]
11:36:36.391 [Test worker] DEBUG org.springframework.test.context.support.AbstractDirtiesContextTestExecutionListener - Before test class: context [DefaultTestContext@76ef20bd testClass = HelloControllerTest, testInstance = [null], testMethod = [null], testException = [null], mergedContextConfiguration = [WebMergedContextConfiguration@39c7a808 testClass = HelloControllerTest, locations = '{}', classes = '{class com.kygirii88.zipsa.springboot.Application}', contextInitializerClasses = '[]', activeProfiles = '{}', propertySourceLocations = '{}', propertySourceProperties = '{org.springframework.boot.test.autoconfigure.web.servlet.WebMvcTestContextBootstrapper=true}', contextCustomizers = set[org.springframework.boot.test.autoconfigure.OverrideAutoConfigurationContextCustomizerFactory$DisableAutoConfigurationContextCustomizer@6dbb3b05, org.springframework.boot.test.autoconfigure.filter.TypeExcludeFiltersContextCustomizer@9128b625, org.springframework.boot.test.autoconfigure.properties.PropertyMappingContextCustomizer@b7632162, org.springframework.boot.test.autoconfigure.web.servlet.WebDriverContextCustomizerFactory$Customizer@3d7e6268, [ImportsContextCustomizer@18e0046f key = [org.springframework.boot.autoconfigure.cache.CacheAutoConfiguration, org.springframework.boot.autoconfigure.context.MessageSourceAutoConfiguration, org.springframework.boot.autoconfigure.data.web.SpringDataWebAutoConfiguration, org.springframework.boot.autoconfigure.freemarker.FreeMarkerAutoConfiguration, org.springframework.boot.autoconfigure.groovy.template.GroovyTemplateAutoConfiguration, org.springframework.boot.autoconfigure.gson.GsonAutoConfiguration, org.springframework.boot.autoconfigure.hateoas.HypermediaAutoConfiguration, org.springframework.boot.autoconfigure.http.HttpMessageConvertersAutoConfiguration, org.springframework.boot.autoconfigure.jackson.JacksonAutoConfiguration, org.springframework.boot.autoconfigure.jsonb.JsonbAutoConfiguration, org.springframework.boot.autoconfigure.mustache.MustacheAutoConfiguration, org.springframework.boot.autoconfigure.task.TaskExecutionAutoConfiguration, org.springframework.boot.autoconfigure.thymeleaf.ThymeleafAutoConfiguration, org.springframework.boot.autoconfigure.validation.ValidationAutoConfiguration, org.springframework.boot.autoconfigure.web.servlet.error.ErrorMvcAutoConfiguration, org.springframework.boot.autoconfigure.web.servlet.WebMvcAutoConfiguration, org.springframework.boot.test.autoconfigure.web.servlet.MockMvcAutoConfiguration, org.springframework.boot.test.autoconfigure.web.servlet.MockMvcSecurityAutoConfiguration, org.springframework.boot.test.autoconfigure.web.servlet.MockMvcWebClientAutoConfiguration, org.springframework.boot.test.autoconfigure.web.servlet.MockMvcWebDriverAutoConfiguration]], org.springframework.boot.test.context.filter.ExcludeFilterContextCustomizer@1366b966, org.springframework.boot.test.json.DuplicateJsonObjectContextCustomizerFactory$DuplicateJsonObjectContextCustomizer@5d29c581, org.springframework.boot.test.mock.mockito.MockitoContextCustomizer@0], resourceBasePath = 'src/main/webapp', contextLoader = 'org.springframework.boot.test.context.SpringBootContextLoader', parent = [null]], attributes = map[[empty]]], class annotated with @DirtiesContext [false] with mode [null].
11:36:36.393 [Test worker] DEBUG org.springframework.test.annotation.ProfileValueUtils - Retrieved @ProfileValueSourceConfiguration [null] for test class [com.kygirii88.zipsa.springboot.web.HelloControllerTest]
11:36:36.393 [Test worker] DEBUG org.springframework.test.annotation.ProfileValueUtils - Retrieved ProfileValueSource type [class org.springframework.test.annotation.SystemProfileValueSource] for class [com.kygirii88.zipsa.springboot.web.HelloControllerTest]
11:36:36.414 [Test worker] DEBUG org.springframework.test.context.support.DependencyInjectionTestExecutionListener - Performing dependency injection for test context [[DefaultTestContext@76ef20bd testClass = HelloControllerTest, testInstance = com.kygirii88.zipsa.springboot.web.HelloControllerTest@3411eb76, testMethod = [null], testException = [null], mergedContextConfiguration = [WebMergedContextConfiguration@39c7a808 testClass = HelloControllerTest, locations = '{}', classes = '{class com.kygirii88.zipsa.springboot.Application}', contextInitializerClasses = '[]', activeProfiles = '{}', propertySourceLocations = '{}', propertySourceProperties = '{org.springframework.boot.test.autoconfigure.web.servlet.WebMvcTestContextBootstrapper=true}', contextCustomizers = set[org.springframework.boot.test.autoconfigure.OverrideAutoConfigurationContextCustomizerFactory$DisableAutoConfigurationContextCustomizer@6dbb3b05, org.springframework.boot.test.autoconfigure.filter.TypeExcludeFiltersContextCustomizer@9128b625, org.springframework.boot.test.autoconfigure.properties.PropertyMappingContextCustomizer@b7632162, org.springframework.boot.test.autoconfigure.web.servlet.WebDriverContextCustomizerFactory$Customizer@3d7e6268, [ImportsContextCustomizer@18e0046f key = [org.springframework.boot.autoconfigure.cache.CacheAutoConfiguration, org.springframework.boot.autoconfigure.context.MessageSourceAutoConfiguration, org.springframework.boot.autoconfigure.data.web.SpringDataWebAutoConfiguration, org.springframework.boot.autoconfigure.freemarker.FreeMarkerAutoConfiguration, org.springframework.boot.autoconfigure.groovy.template.GroovyTemplateAutoConfiguration, org.springframework.boot.autoconfigure.gson.GsonAutoConfiguration, org.springframework.boot.autoconfigure.hateoas.HypermediaAutoConfiguration, org.springframework.boot.autoconfigure.http.HttpMessageConvertersAutoConfiguration, org.springframework.boot.autoconfigure.jackson.JacksonAutoConfiguration, org.springframework.boot.autoconfigure.jsonb.JsonbAutoConfiguration, org.springframework.boot.autoconfigure.mustache.MustacheAutoConfiguration, org.springframework.boot.autoconfigure.task.TaskExecutionAutoConfiguration, org.springframework.boot.autoconfigure.thymeleaf.ThymeleafAutoConfiguration, org.springframework.boot.autoconfigure.validation.ValidationAutoConfiguration, org.springframework.boot.autoconfigure.web.servlet.error.ErrorMvcAutoConfiguration, org.springframework.boot.autoconfigure.web.servlet.WebMvcAutoConfiguration, org.springframework.boot.test.autoconfigure.web.servlet.MockMvcAutoConfiguration, org.springframework.boot.test.autoconfigure.web.servlet.MockMvcSecurityAutoConfiguration, org.springframework.boot.test.autoconfigure.web.servlet.MockMvcWebClientAutoConfiguration, org.springframework.boot.test.autoconfigure.web.servlet.MockMvcWebDriverAutoConfiguration]], org.springframework.boot.test.context.filter.ExcludeFilterContextCustomizer@1366b966, org.springframework.boot.test.json.DuplicateJsonObjectContextCustomizerFactory$DuplicateJsonObjectContextCustomizer@5d29c581, org.springframework.boot.test.mock.mockito.MockitoContextCustomizer@0], resourceBasePath = 'src/main/webapp', contextLoader = 'org.springframework.boot.test.context.SpringBootContextLoader', parent = [null]], attributes = map[[empty]]]].
11:36:36.738 [Test worker] DEBUG org.springframework.test.context.support.TestPropertySourceUtils - Adding inlined properties to environment: {spring.jmx.enabled=false, org.springframework.boot.test.autoconfigure.web.servlet.WebMvcTestContextBootstrapper=true, server.port=-1}

  .   ____          _            __ _ _
 /\\ / ___'_ __ _ _(_)_ __  __ _ \ \ \ \
( ( )\___ | '_ | '_| | '_ \/ _` | \ \ \ \
 \\/  ___)| |_)| | | | | || (_| |  ) ) ) )
  '  |____| .__|_| |_|_| |_\__, | / / / /
 =========|_|==============|___/=/_/_/_/
 :: Spring Boot ::        (v2.1.7.RELEASE)

2021-02-14 11:36:37.628  INFO 2109 --- [    Test worker] c.k.z.s.web.HelloControllerTest          : Starting HelloControllerTest on gwon-yong-gil-ui-MacBook-Air.local with PID 2109 (started by kwon-young-gil in /Users/kwon-young-gil/Documents/project/Zipsa-webservice)
2021-02-14 11:36:37.634  INFO 2109 --- [    Test worker] c.k.z.s.web.HelloControllerTest          : No active profile set, falling back to default profiles: default
2021-02-14 11:36:41.720  INFO 2109 --- [    Test worker] o.s.s.concurrent.ThreadPoolTaskExecutor  : Initializing ExecutorService 'applicationTaskExecutor'
2021-02-14 11:36:42.116  INFO 2109 --- [    Test worker] o.s.b.a.w.s.WelcomePageHandlerMapping    : Adding welcome page template: index
2021-02-14 11:36:43.024  INFO 2109 --- [    Test worker] .s.s.UserDetailsServiceAutoConfiguration : 

Using generated security password: 3a151c46-e8f3-4ecf-9c55-57518d2e0d36

2021-02-14 11:36:43.538  INFO 2109 --- [    Test worker] o.s.s.web.DefaultSecurityFilterChain     : Creating filter chain: any request, [org.springframework.security.web.context.request.async.WebAsyncManagerIntegrationFilter@5b86dbe3, org.springframework.security.web.context.SecurityContextPersistenceFilter@4b6d75, org.springframework.security.web.header.HeaderWriterFilter@613a206c, org.springframework.security.web.csrf.CsrfFilter@5e4fc8be, org.springframework.security.web.authentication.logout.LogoutFilter@4a62097f, org.springframework.security.web.authentication.UsernamePasswordAuthenticationFilter@aaa9219, org.springframework.security.web.authentication.ui.DefaultLoginPageGeneratingFilter@75accce4, org.springframework.security.web.authentication.ui.DefaultLogoutPageGeneratingFilter@5e0219ee, org.springframework.security.web.authentication.www.BasicAuthenticationFilter@6d2cbf81, org.springframework.security.web.savedrequest.RequestCacheAwareFilter@786ee745, org.springframework.security.web.servletapi.SecurityContextHolderAwareRequestFilter@5500dd45, org.springframework.security.web.authentication.AnonymousAuthenticationFilter@683b9cf4, org.springframework.security.web.session.SessionManagementFilter@46ae03cd, org.springframework.security.web.access.ExceptionTranslationFilter@10ca705b, org.springframework.security.web.access.intercept.FilterSecurityInterceptor@5601a21f]
2021-02-14 11:36:43.639  INFO 2109 --- [    Test worker] o.s.b.t.m.w.SpringBootMockServletContext : Initializing Spring TestDispatcherServlet ''
2021-02-14 11:36:43.640  INFO 2109 --- [    Test worker] o.s.t.web.servlet.TestDispatcherServlet  : Initializing Servlet ''
2021-02-14 11:36:43.671  INFO 2109 --- [    Test worker] o.s.t.web.servlet.TestDispatcherServlet  : Completed initialization in 28 ms
2021-02-14 11:36:43.766  INFO 2109 --- [    Test worker] c.k.z.s.web.HelloControllerTest          : Started HelloControllerTest in 6.993 seconds (JVM running for 9.622)
]]></system-out>
  <system-err><![CDATA[]]></system-err>
</testsuite>
