<?xml version="1.0" encoding="UTF-8"?>
<testsuite name="com.kygirii88.zipsa.springboot.web.PostsApiControllerTest" tests="2" skipped="0" failures="0" errors="0" timestamp="2021-02-14T02:36:58" hostname="gwon-yong-gil-ui-MacBook-Air.local" time="0.496">
  <properties/>
  <testcase name="Posts_등록된다" classname="com.kygirii88.zipsa.springboot.web.PostsApiControllerTest" time="0.418"/>
  <testcase name="Posts_수정된다" classname="com.kygirii88.zipsa.springboot.web.PostsApiControllerTest" time="0.077"/>
  <system-out><![CDATA[2021-02-14 11:36:58.012  INFO 2109 --- [    Test worker] .b.t.c.SpringBootTestContextBootstrapper : Neither @ContextConfiguration nor @ContextHierarchy found for test class [com.kygirii88.zipsa.springboot.web.PostsApiControllerTest], using SpringBootContextLoader
2021-02-14 11:36:58.014  INFO 2109 --- [    Test worker] o.s.t.c.support.AbstractContextLoader    : Could not detect default resource locations for test class [com.kygirii88.zipsa.springboot.web.PostsApiControllerTest]: no resource found for suffixes {-context.xml, Context.groovy}.
2021-02-14 11:36:58.014  INFO 2109 --- [    Test worker] t.c.s.AnnotationConfigContextLoaderUtils : Could not detect default configuration classes for test class [com.kygirii88.zipsa.springboot.web.PostsApiControllerTest]: PostsApiControllerTest does not declare any static, non-private, non-final, nested classes annotated with @Configuration.
2021-02-14 11:36:58.021  INFO 2109 --- [    Test worker] .b.t.c.SpringBootTestContextBootstrapper : Found @SpringBootConfiguration com.kygirii88.zipsa.springboot.Application for test class com.kygirii88.zipsa.springboot.web.PostsApiControllerTest
2021-02-14 11:36:58.024  INFO 2109 --- [    Test worker] .b.t.c.SpringBootTestContextBootstrapper : Loaded default TestExecutionListener class names from location [META-INF/spring.factories]: [org.springframework.security.test.context.support.WithSecurityContextTestExecutionListener, org.springframework.security.test.context.support.ReactorContextTestExecutionListener, org.springframework.boot.test.autoconfigure.restdocs.RestDocsTestExecutionListener, org.springframework.boot.test.autoconfigure.web.client.MockRestServiceServerResetTestExecutionListener, org.springframework.boot.test.autoconfigure.web.servlet.MockMvcPrintOnlyOnFailureTestExecutionListener, org.springframework.boot.test.autoconfigure.web.servlet.WebDriverTestExecutionListener, org.springframework.boot.test.mock.mockito.MockitoTestExecutionListener, org.springframework.boot.test.mock.mockito.ResetMocksTestExecutionListener, org.springframework.test.context.web.ServletTestExecutionListener, org.springframework.test.context.support.DirtiesContextBeforeModesTestExecutionListener, org.springframework.test.context.support.DependencyInjectionTestExecutionListener, org.springframework.test.context.support.DirtiesContextTestExecutionListener, org.springframework.test.context.transaction.TransactionalTestExecutionListener, org.springframework.test.context.jdbc.SqlScriptsTestExecutionListener]
2021-02-14 11:36:58.025  INFO 2109 --- [    Test worker] .b.t.c.SpringBootTestContextBootstrapper : Using TestExecutionListeners: [org.springframework.test.context.web.ServletTestExecutionListener@49ce4f5b, org.springframework.test.context.support.DirtiesContextBeforeModesTestExecutionListener@5f2648f0, org.springframework.boot.test.mock.mockito.MockitoTestExecutionListener@5d83af02, org.springframework.boot.test.autoconfigure.SpringBootDependencyInjectionTestExecutionListener@83b5c15, org.springframework.test.context.support.DirtiesContextTestExecutionListener@33b47ede, org.springframework.test.context.transaction.TransactionalTestExecutionListener@5eb8d190, org.springframework.test.context.jdbc.SqlScriptsTestExecutionListener@1e039efa, org.springframework.security.test.context.support.WithSecurityContextTestExecutionListener@4c0ab2db, org.springframework.security.test.context.support.ReactorContextTestExecutionListener@5cd8670a, org.springframework.boot.test.autoconfigure.restdocs.RestDocsTestExecutionListener@44740950, org.springframework.boot.test.autoconfigure.web.client.MockRestServiceServerResetTestExecutionListener@4682ab6a, org.springframework.boot.test.autoconfigure.web.servlet.MockMvcPrintOnlyOnFailureTestExecutionListener@5f87450b, org.springframework.boot.test.autoconfigure.web.servlet.WebDriverTestExecutionListener@40f899c6, org.springframework.boot.test.mock.mockito.ResetMocksTestExecutionListener@24a23600]
2021-02-14 11:36:58.055  INFO 2109 --- [    Test worker] o.a.c.c.C.[Tomcat].[localhost].[/]       : Initializing Spring TestDispatcherServlet ''
2021-02-14 11:36:58.055  INFO 2109 --- [    Test worker] o.s.t.web.servlet.TestDispatcherServlet  : Initializing Servlet ''
2021-02-14 11:36:58.062  INFO 2109 --- [    Test worker] o.s.t.web.servlet.TestDispatcherServlet  : Completed initialization in 3 ms
Hibernate: insert into posts (created_date, modified_date, author, content, title) values (?, ?, ?, ?, ?)
Hibernate: select posts0_.id as id1_0_, posts0_.created_date as created_2_0_, posts0_.modified_date as modified3_0_, posts0_.author as author4_0_, posts0_.content as content5_0_, posts0_.title as title6_0_ from posts posts0_
Hibernate: select posts0_.id as id1_0_, posts0_.created_date as created_2_0_, posts0_.modified_date as modified3_0_, posts0_.author as author4_0_, posts0_.content as content5_0_, posts0_.title as title6_0_ from posts posts0_
Hibernate: delete from posts where id=?
2021-02-14 11:36:58.463  INFO 2109 --- [    Test worker] o.a.c.c.C.[Tomcat].[localhost].[/]       : Initializing Spring TestDispatcherServlet ''
2021-02-14 11:36:58.463  INFO 2109 --- [    Test worker] o.s.t.web.servlet.TestDispatcherServlet  : Initializing Servlet ''
2021-02-14 11:36:58.469  INFO 2109 --- [    Test worker] o.s.t.web.servlet.TestDispatcherServlet  : Completed initialization in 6 ms
Hibernate: insert into posts (created_date, modified_date, author, content, title) values (?, ?, ?, ?, ?)
Hibernate: select posts0_.id as id1_0_0_, posts0_.created_date as created_2_0_0_, posts0_.modified_date as modified3_0_0_, posts0_.author as author4_0_0_, posts0_.content as content5_0_0_, posts0_.title as title6_0_0_ from posts posts0_ where posts0_.id=?
Hibernate: update posts set created_date=?, modified_date=?, author=?, content=?, title=? where id=?
Hibernate: select posts0_.id as id1_0_, posts0_.created_date as created_2_0_, posts0_.modified_date as modified3_0_, posts0_.author as author4_0_, posts0_.content as content5_0_, posts0_.title as title6_0_ from posts posts0_
Hibernate: select posts0_.id as id1_0_, posts0_.created_date as created_2_0_, posts0_.modified_date as modified3_0_, posts0_.author as author4_0_, posts0_.content as content5_0_, posts0_.title as title6_0_ from posts posts0_
Hibernate: delete from posts where id=?
]]></system-out>
  <system-err><![CDATA[]]></system-err>
</testsuite>
