<?xml version="1.0" encoding="UTF-8"?>
<testsuite name="com.kygirii88.zipsa.springboot.web.dto.HelloResponseDtoTest" tests="1" skipped="0" failures="0" errors="0" timestamp="2021-02-14T02:36:35" hostname="gwon-yong-gil-ui-MacBook-Air.local" time="0.171">
  <properties/>
  <testcase name="롬복_기능_테스트" classname="com.kygirii88.zipsa.springboot.web.dto.HelloResponseDtoTest" time="0.171"/>
  <system-out><![CDATA[]]></system-out>
  <system-err><![CDATA[]]></system-err>
</testsuite>
