<?xml version="1.0" encoding="UTF-8"?>
<testsuite name="com.kygirii88.zipsa.springboot.web.IndexControllerTest" tests="1" skipped="0" failures="0" errors="0" timestamp="2021-02-08T15:43:35" hostname="gwon-yong-gil-ui-MacBook-Air.local" time="0.413">
  <properties/>
  <testcase name="메인페이지_로딩" classname="com.kygirii88.zipsa.springboot.web.IndexControllerTest" time="0.413"/>
  <system-out><![CDATA[2021-02-09 00:43:27.454  INFO 10195 --- [    Test worker] .b.t.c.SpringBootTestContextBootstrapper : Neither @ContextConfiguration nor @ContextHierarchy found for test class [com.kygirii88.zipsa.springboot.web.IndexControllerTest], using SpringBootContextLoader
2021-02-09 00:43:27.458  INFO 10195 --- [    Test worker] o.s.t.c.support.AbstractContextLoader    : Could not detect default resource locations for test class [com.kygirii88.zipsa.springboot.web.IndexControllerTest]: no resource found for suffixes {-context.xml, Context.groovy}.
2021-02-09 00:43:27.458  INFO 10195 --- [    Test worker] t.c.s.AnnotationConfigContextLoaderUtils : Could not detect default configuration classes for test class [com.kygirii88.zipsa.springboot.web.IndexControllerTest]: IndexControllerTest does not declare any static, non-private, non-final, nested classes annotated with @Configuration.
2021-02-09 00:43:27.463  INFO 10195 --- [    Test worker] .b.t.c.SpringBootTestContextBootstrapper : Found @SpringBootConfiguration com.kygirii88.zipsa.springboot.Application for test class com.kygirii88.zipsa.springboot.web.IndexControllerTest
2021-02-09 00:43:27.466  INFO 10195 --- [    Test worker] .b.t.c.SpringBootTestContextBootstrapper : Loaded default TestExecutionListener class names from location [META-INF/spring.factories]: [org.springframework.security.test.context.support.WithSecurityContextTestExecutionListener, org.springframework.security.test.context.support.ReactorContextTestExecutionListener, org.springframework.boot.test.autoconfigure.restdocs.RestDocsTestExecutionListener, org.springframework.boot.test.autoconfigure.web.client.MockRestServiceServerResetTestExecutionListener, org.springframework.boot.test.autoconfigure.web.servlet.MockMvcPrintOnlyOnFailureTestExecutionListener, org.springframework.boot.test.autoconfigure.web.servlet.WebDriverTestExecutionListener, org.springframework.boot.test.mock.mockito.MockitoTestExecutionListener, org.springframework.boot.test.mock.mockito.ResetMocksTestExecutionListener, org.springframework.test.context.web.ServletTestExecutionListener, org.springframework.test.context.support.DirtiesContextBeforeModesTestExecutionListener, org.springframework.test.context.support.DependencyInjectionTestExecutionListener, org.springframework.test.context.support.DirtiesContextTestExecutionListener, org.springframework.test.context.transaction.TransactionalTestExecutionListener, org.springframework.test.context.jdbc.SqlScriptsTestExecutionListener]
2021-02-09 00:43:27.467  INFO 10195 --- [    Test worker] .b.t.c.SpringBootTestContextBootstrapper : Using TestExecutionListeners: [org.springframework.test.context.web.ServletTestExecutionListener@4575ec64, org.springframework.test.context.support.DirtiesContextBeforeModesTestExecutionListener@15c57972, org.springframework.boot.test.mock.mockito.MockitoTestExecutionListener@25536811, org.springframework.boot.test.autoconfigure.SpringBootDependencyInjectionTestExecutionListener@6777e565, org.springframework.test.context.support.DirtiesContextTestExecutionListener@d0b2323, org.springframework.test.context.transaction.TransactionalTestExecutionListener@333bd519, org.springframework.test.context.jdbc.SqlScriptsTestExecutionListener@d16308f, org.springframework.security.test.context.support.WithSecurityContextTestExecutionListener@5512b085, org.springframework.security.test.context.support.ReactorContextTestExecutionListener@1d4833f, org.springframework.boot.test.autoconfigure.restdocs.RestDocsTestExecutionListener@6c2a0d01, org.springframework.boot.test.autoconfigure.web.client.MockRestServiceServerResetTestExecutionListener@5084da43, org.springframework.boot.test.autoconfigure.web.servlet.MockMvcPrintOnlyOnFailureTestExecutionListener@1052de4e, org.springframework.boot.test.autoconfigure.web.servlet.WebDriverTestExecutionListener@353a6a00, org.springframework.boot.test.mock.mockito.ResetMocksTestExecutionListener@9443ba3]

  .   ____          _            __ _ _
 /\\ / ___'_ __ _ _(_)_ __  __ _ \ \ \ \
( ( )\___ | '_ | '_| | '_ \/ _` | \ \ \ \
 \\/  ___)| |_)| | | | | || (_| |  ) ) ) )
  '  |____| .__|_| |_|_| |_\__, | / / / /
 =========|_|==============|___/=/_/_/_/
 :: Spring Boot ::        (v2.1.7.RELEASE)

2021-02-09 00:43:27.534  INFO 10195 --- [    Test worker] c.k.z.s.web.IndexControllerTest          : Starting IndexControllerTest on gwon-yong-gil-ui-MacBook-Air.local with PID 10195 (started by kwon-young-gil in /Users/kwon-young-gil/Documents/project/Zipsa-webservice)
2021-02-09 00:43:27.535  INFO 10195 --- [    Test worker] c.k.z.s.web.IndexControllerTest          : No active profile set, falling back to default profiles: default
2021-02-09 00:43:28.184  INFO 10195 --- [    Test worker] .s.d.r.c.RepositoryConfigurationDelegate : Bootstrapping Spring Data repositories in DEFAULT mode.
2021-02-09 00:43:28.298  INFO 10195 --- [    Test worker] .s.d.r.c.RepositoryConfigurationDelegate : Finished Spring Data repository scanning in 101ms. Found 2 repository interfaces.
2021-02-09 00:43:28.793  INFO 10195 --- [    Test worker] trationDelegate$BeanPostProcessorChecker : Bean 'org.springframework.transaction.annotation.ProxyTransactionManagementConfiguration' of type [org.springframework.transaction.annotation.ProxyTransactionManagementConfiguration$$EnhancerBySpringCGLIB$$502fe1a0] is not eligible for getting processed by all BeanPostProcessors (for example: not eligible for auto-proxying)
2021-02-09 00:43:29.293  INFO 10195 --- [    Test worker] o.s.b.w.embedded.tomcat.TomcatWebServer  : Tomcat initialized with port(s): 0 (http)
2021-02-09 00:43:29.349  INFO 10195 --- [    Test worker] o.apache.catalina.core.StandardService   : Starting service [Tomcat]
2021-02-09 00:43:29.350  INFO 10195 --- [    Test worker] org.apache.catalina.core.StandardEngine  : Starting Servlet engine: [Apache Tomcat/9.0.22]
2021-02-09 00:43:29.607  INFO 10195 --- [    Test worker] o.a.c.c.C.[Tomcat].[localhost].[/]       : Initializing Spring embedded WebApplicationContext
2021-02-09 00:43:29.608  INFO 10195 --- [    Test worker] o.s.web.context.ContextLoader            : Root WebApplicationContext: initialization completed in 2069 ms
2021-02-09 00:43:30.066  INFO 10195 --- [    Test worker] com.zaxxer.hikari.HikariDataSource       : HikariPool-1 - Starting...
2021-02-09 00:43:30.345  INFO 10195 --- [    Test worker] com.zaxxer.hikari.HikariDataSource       : HikariPool-1 - Start completed.
2021-02-09 00:43:30.516  INFO 10195 --- [    Test worker] o.hibernate.jpa.internal.util.LogHelper  : HHH000204: Processing PersistenceUnitInfo [
	name: default
	...]
2021-02-09 00:43:30.621  INFO 10195 --- [    Test worker] org.hibernate.Version                    : HHH000412: Hibernate Core {5.3.10.Final}
2021-02-09 00:43:30.624  INFO 10195 --- [    Test worker] org.hibernate.cfg.Environment            : HHH000206: hibernate.properties not found
2021-02-09 00:43:30.691  INFO 10195 --- [    Test worker] o.hibernate.annotations.common.Version   : HCANN000001: Hibernate Commons Annotations {5.0.4.Final}
2021-02-09 00:43:30.927  INFO 10195 --- [    Test worker] org.hibernate.dialect.Dialect            : HHH000400: Using dialect: org.hibernate.dialect.MySQL5InnoDBDialect
Hibernate: drop table if exists posts
Hibernate: drop table if exists user
Hibernate: create table posts (id bigint not null auto_increment, created_date datetime, modified_date datetime, author varchar(255), content TEXT not null, title varchar(500) not null, primary key (id)) engine=InnoDB
Hibernate: create table user (id bigint not null auto_increment, created_date datetime, modified_date datetime, email varchar(255) not null, name varchar(255) not null, picture varchar(255), role varchar(255) not null, primary key (id)) engine=InnoDB
2021-02-09 00:43:32.516  INFO 10195 --- [    Test worker] o.h.t.schema.internal.SchemaCreatorImpl  : HHH000476: Executing import script 'org.hibernate.tool.schema.internal.exec.ScriptSourceInputNonExistentImpl@5f817232'
2021-02-09 00:43:32.523  INFO 10195 --- [    Test worker] j.LocalContainerEntityManagerFactoryBean : Initialized JPA EntityManagerFactory for persistence unit 'default'
2021-02-09 00:43:33.861  INFO 10195 --- [    Test worker] o.h.h.i.QueryTranslatorFactoryInitiator  : HHH000397: Using ASTQueryTranslatorFactory
2021-02-09 00:43:34.544  INFO 10195 --- [    Test worker] o.s.s.web.DefaultSecurityFilterChain     : Creating filter chain: any request, [org.springframework.security.web.context.request.async.WebAsyncManagerIntegrationFilter@2f72e6f0, org.springframework.security.web.context.SecurityContextPersistenceFilter@4442558c, org.springframework.security.web.header.HeaderWriterFilter@7b21f2b7, org.springframework.security.web.authentication.logout.LogoutFilter@6a25c28b, org.springframework.security.oauth2.client.web.OAuth2AuthorizationRequestRedirectFilter@24a210e9, org.springframework.security.oauth2.client.web.OAuth2LoginAuthenticationFilter@10b826f1, org.springframework.security.web.authentication.ui.DefaultLoginPageGeneratingFilter@3c1d0eb1, org.springframework.security.web.authentication.ui.DefaultLogoutPageGeneratingFilter@5e6a7221, org.springframework.security.web.savedrequest.RequestCacheAwareFilter@41fd642, org.springframework.security.web.servletapi.SecurityContextHolderAwareRequestFilter@70df383c, org.springframework.security.web.authentication.AnonymousAuthenticationFilter@f3458b3, org.springframework.security.web.session.SessionManagementFilter@35bf2630, org.springframework.security.web.access.ExceptionTranslationFilter@1c2b86c0, org.springframework.security.web.access.intercept.FilterSecurityInterceptor@446dd1f0]
2021-02-09 00:43:34.919  INFO 10195 --- [    Test worker] o.s.s.concurrent.ThreadPoolTaskExecutor  : Initializing ExecutorService 'applicationTaskExecutor'
2021-02-09 00:43:34.955  WARN 10195 --- [    Test worker] aWebConfiguration$JpaWebMvcConfiguration : spring.jpa.open-in-view is enabled by default. Therefore, database queries may be performed during view rendering. Explicitly configure spring.jpa.open-in-view to disable this warning
2021-02-09 00:43:35.015  INFO 10195 --- [    Test worker] o.s.b.a.w.s.WelcomePageHandlerMapping    : Adding welcome page template: index
2021-02-09 00:43:35.757  INFO 10195 --- [    Test worker] s.a.ScheduledAnnotationBeanPostProcessor : No TaskScheduler/ScheduledExecutorService bean found for scheduled processing
2021-02-09 00:43:35.809  INFO 10195 --- [    Test worker] o.s.b.w.embedded.tomcat.TomcatWebServer  : Tomcat started on port(s): 50935 (http) with context path ''
2021-02-09 00:43:35.813  INFO 10195 --- [    Test worker] c.k.z.s.web.IndexControllerTest          : Started IndexControllerTest in 8.343 seconds (JVM running for 15.642)
2021-02-09 00:43:35.997  INFO 10195 --- [o-auto-1-exec-1] o.a.c.c.C.[Tomcat].[localhost].[/]       : Initializing Spring DispatcherServlet 'dispatcherServlet'
2021-02-09 00:43:35.997  INFO 10195 --- [o-auto-1-exec-1] o.s.web.servlet.DispatcherServlet        : Initializing Servlet 'dispatcherServlet'
2021-02-09 00:43:36.044  INFO 10195 --- [o-auto-1-exec-1] o.s.web.servlet.DispatcherServlet        : Completed initialization in 47 ms
Hibernate: select posts0_.id as id1_0_, posts0_.created_date as created_2_0_, posts0_.modified_date as modified3_0_, posts0_.author as author4_0_, posts0_.content as content5_0_, posts0_.title as title6_0_ from posts posts0_ order by posts0_.id DESC
]]></system-out>
  <system-err><![CDATA[]]></system-err>
</testsuite>
