<?xml version="1.0" encoding="UTF-8"?>
<testsuite name="com.kygirii88.zipsa.springboot.web.IndexControllerTest" tests="1" skipped="0" failures="0" errors="0" timestamp="2020-11-30T15:51:10" hostname="gwon-yong-gil-ui-MacBook-Air.local" time="0.523">
  <properties/>
  <testcase name="메인페이지_로딩" classname="com.kygirii88.zipsa.springboot.web.IndexControllerTest" time="0.523"/>
  <system-out><![CDATA[00:51:00.047 [Test worker] DEBUG org.springframework.test.context.junit4.SpringJUnit4ClassRunner - SpringJUnit4ClassRunner constructor called with [class com.kygirii88.zipsa.springboot.web.IndexControllerTest]
00:51:00.062 [Test worker] DEBUG org.springframework.test.context.BootstrapUtils - Instantiating CacheAwareContextLoaderDelegate from class [org.springframework.test.context.cache.DefaultCacheAwareContextLoaderDelegate]
00:51:00.081 [Test worker] DEBUG org.springframework.test.context.BootstrapUtils - Instantiating BootstrapContext using constructor [public org.springframework.test.context.support.DefaultBootstrapContext(java.lang.Class,org.springframework.test.context.CacheAwareContextLoaderDelegate)]
00:51:00.126 [Test worker] DEBUG org.springframework.test.context.BootstrapUtils - Instantiating TestContextBootstrapper for test class [com.kygirii88.zipsa.springboot.web.IndexControllerTest] from class [org.springframework.boot.test.context.SpringBootTestContextBootstrapper]
00:51:00.150 [Test worker] INFO org.springframework.boot.test.context.SpringBootTestContextBootstrapper - Neither @ContextConfiguration nor @ContextHierarchy found for test class [com.kygirii88.zipsa.springboot.web.IndexControllerTest], using SpringBootContextLoader
00:51:00.182 [Test worker] DEBUG org.springframework.test.context.support.AbstractContextLoader - Did not detect default resource location for test class [com.kygirii88.zipsa.springboot.web.IndexControllerTest]: class path resource [com/kygirii88/zipsa/springboot/web/IndexControllerTest-context.xml] does not exist
00:51:00.186 [Test worker] DEBUG org.springframework.test.context.support.AbstractContextLoader - Did not detect default resource location for test class [com.kygirii88.zipsa.springboot.web.IndexControllerTest]: class path resource [com/kygirii88/zipsa/springboot/web/IndexControllerTestContext.groovy] does not exist
00:51:00.187 [Test worker] INFO org.springframework.test.context.support.AbstractContextLoader - Could not detect default resource locations for test class [com.kygirii88.zipsa.springboot.web.IndexControllerTest]: no resource found for suffixes {-context.xml, Context.groovy}.
00:51:00.191 [Test worker] INFO org.springframework.test.context.support.AnnotationConfigContextLoaderUtils - Could not detect default configuration classes for test class [com.kygirii88.zipsa.springboot.web.IndexControllerTest]: IndexControllerTest does not declare any static, non-private, non-final, nested classes annotated with @Configuration.
00:51:00.357 [Test worker] DEBUG org.springframework.test.context.support.ActiveProfilesUtils - Could not find an 'annotation declaring class' for annotation type [org.springframework.test.context.ActiveProfiles] and class [com.kygirii88.zipsa.springboot.web.IndexControllerTest]
00:51:00.523 [Test worker] DEBUG org.springframework.context.annotation.ClassPathScanningCandidateComponentProvider - Identified candidate component class: file [/Users/kwon-young-gil/Documents/project/Zipsa-webservice/build/classes/java/main/com/kygirii88/zipsa/springboot/Application.class]
00:51:00.525 [Test worker] INFO org.springframework.boot.test.context.SpringBootTestContextBootstrapper - Found @SpringBootConfiguration com.kygirii88.zipsa.springboot.Application for test class com.kygirii88.zipsa.springboot.web.IndexControllerTest
00:51:00.663 [Test worker] DEBUG org.springframework.boot.test.context.SpringBootTestContextBootstrapper - @TestExecutionListeners is not present for class [com.kygirii88.zipsa.springboot.web.IndexControllerTest]: using defaults.
00:51:00.664 [Test worker] INFO org.springframework.boot.test.context.SpringBootTestContextBootstrapper - Loaded default TestExecutionListener class names from location [META-INF/spring.factories]: [org.springframework.boot.test.autoconfigure.restdocs.RestDocsTestExecutionListener, org.springframework.boot.test.autoconfigure.web.client.MockRestServiceServerResetTestExecutionListener, org.springframework.boot.test.autoconfigure.web.servlet.MockMvcPrintOnlyOnFailureTestExecutionListener, org.springframework.boot.test.autoconfigure.web.servlet.WebDriverTestExecutionListener, org.springframework.boot.test.mock.mockito.MockitoTestExecutionListener, org.springframework.boot.test.mock.mockito.ResetMocksTestExecutionListener, org.springframework.test.context.web.ServletTestExecutionListener, org.springframework.test.context.support.DirtiesContextBeforeModesTestExecutionListener, org.springframework.test.context.support.DependencyInjectionTestExecutionListener, org.springframework.test.context.support.DirtiesContextTestExecutionListener, org.springframework.test.context.transaction.TransactionalTestExecutionListener, org.springframework.test.context.jdbc.SqlScriptsTestExecutionListener]
00:51:00.697 [Test worker] INFO org.springframework.boot.test.context.SpringBootTestContextBootstrapper - Using TestExecutionListeners: [org.springframework.test.context.web.ServletTestExecutionListener@1157523e, org.springframework.test.context.support.DirtiesContextBeforeModesTestExecutionListener@fb360f1, org.springframework.boot.test.mock.mockito.MockitoTestExecutionListener@38fac4e, org.springframework.boot.test.autoconfigure.SpringBootDependencyInjectionTestExecutionListener@74ea4e92, org.springframework.test.context.support.DirtiesContextTestExecutionListener@5f073493, org.springframework.test.context.transaction.TransactionalTestExecutionListener@4b27736a, org.springframework.test.context.jdbc.SqlScriptsTestExecutionListener@35b44b9c, org.springframework.boot.test.autoconfigure.restdocs.RestDocsTestExecutionListener@138c0d66, org.springframework.boot.test.autoconfigure.web.client.MockRestServiceServerResetTestExecutionListener@75c91028, org.springframework.boot.test.autoconfigure.web.servlet.MockMvcPrintOnlyOnFailureTestExecutionListener@50581d8, org.springframework.boot.test.autoconfigure.web.servlet.WebDriverTestExecutionListener@127ac24f, org.springframework.boot.test.mock.mockito.ResetMocksTestExecutionListener@616e0a5b]
00:51:00.701 [Test worker] DEBUG org.springframework.test.annotation.ProfileValueUtils - Retrieved @ProfileValueSourceConfiguration [null] for test class [com.kygirii88.zipsa.springboot.web.IndexControllerTest]
00:51:00.702 [Test worker] DEBUG org.springframework.test.annotation.ProfileValueUtils - Retrieved ProfileValueSource type [class org.springframework.test.annotation.SystemProfileValueSource] for class [com.kygirii88.zipsa.springboot.web.IndexControllerTest]
00:51:00.708 [Test worker] DEBUG org.springframework.test.annotation.ProfileValueUtils - Retrieved @ProfileValueSourceConfiguration [null] for test class [com.kygirii88.zipsa.springboot.web.IndexControllerTest]
00:51:00.708 [Test worker] DEBUG org.springframework.test.annotation.ProfileValueUtils - Retrieved ProfileValueSource type [class org.springframework.test.annotation.SystemProfileValueSource] for class [com.kygirii88.zipsa.springboot.web.IndexControllerTest]
00:51:00.710 [Test worker] DEBUG org.springframework.test.annotation.ProfileValueUtils - Retrieved @ProfileValueSourceConfiguration [null] for test class [com.kygirii88.zipsa.springboot.web.IndexControllerTest]
00:51:00.710 [Test worker] DEBUG org.springframework.test.annotation.ProfileValueUtils - Retrieved ProfileValueSource type [class org.springframework.test.annotation.SystemProfileValueSource] for class [com.kygirii88.zipsa.springboot.web.IndexControllerTest]
00:51:00.717 [Test worker] DEBUG org.springframework.test.context.support.AbstractDirtiesContextTestExecutionListener - Before test class: context [DefaultTestContext@437d6db3 testClass = IndexControllerTest, testInstance = [null], testMethod = [null], testException = [null], mergedContextConfiguration = [WebMergedContextConfiguration@6ed1a05c testClass = IndexControllerTest, locations = '{}', classes = '{class com.kygirii88.zipsa.springboot.Application}', contextInitializerClasses = '[]', activeProfiles = '{}', propertySourceLocations = '{}', propertySourceProperties = '{org.springframework.boot.test.context.SpringBootTestContextBootstrapper=true, server.port=0}', contextCustomizers = set[org.springframework.boot.test.autoconfigure.properties.PropertyMappingContextCustomizer@0, org.springframework.boot.test.autoconfigure.web.servlet.WebDriverContextCustomizerFactory$Customizer@cfbc356, org.springframework.boot.test.context.filter.ExcludeFilterContextCustomizer@2810a745, org.springframework.boot.test.json.DuplicateJsonObjectContextCustomizerFactory$DuplicateJsonObjectContextCustomizer@370a06f2, org.springframework.boot.test.mock.mockito.MockitoContextCustomizer@0, org.springframework.boot.test.web.client.TestRestTemplateContextCustomizer@6f12794b], resourceBasePath = 'src/main/webapp', contextLoader = 'org.springframework.boot.test.context.SpringBootContextLoader', parent = [null]], attributes = map['org.springframework.test.context.web.ServletTestExecutionListener.activateListener' -> false]], class annotated with @DirtiesContext [false] with mode [null].
00:51:00.719 [Test worker] DEBUG org.springframework.test.annotation.ProfileValueUtils - Retrieved @ProfileValueSourceConfiguration [null] for test class [com.kygirii88.zipsa.springboot.web.IndexControllerTest]
00:51:00.719 [Test worker] DEBUG org.springframework.test.annotation.ProfileValueUtils - Retrieved ProfileValueSource type [class org.springframework.test.annotation.SystemProfileValueSource] for class [com.kygirii88.zipsa.springboot.web.IndexControllerTest]
00:51:00.726 [Test worker] DEBUG org.springframework.test.context.support.DependencyInjectionTestExecutionListener - Performing dependency injection for test context [[DefaultTestContext@437d6db3 testClass = IndexControllerTest, testInstance = com.kygirii88.zipsa.springboot.web.IndexControllerTest@6a08f9e1, testMethod = [null], testException = [null], mergedContextConfiguration = [WebMergedContextConfiguration@6ed1a05c testClass = IndexControllerTest, locations = '{}', classes = '{class com.kygirii88.zipsa.springboot.Application}', contextInitializerClasses = '[]', activeProfiles = '{}', propertySourceLocations = '{}', propertySourceProperties = '{org.springframework.boot.test.context.SpringBootTestContextBootstrapper=true, server.port=0}', contextCustomizers = set[org.springframework.boot.test.autoconfigure.properties.PropertyMappingContextCustomizer@0, org.springframework.boot.test.autoconfigure.web.servlet.WebDriverContextCustomizerFactory$Customizer@cfbc356, org.springframework.boot.test.context.filter.ExcludeFilterContextCustomizer@2810a745, org.springframework.boot.test.json.DuplicateJsonObjectContextCustomizerFactory$DuplicateJsonObjectContextCustomizer@370a06f2, org.springframework.boot.test.mock.mockito.MockitoContextCustomizer@0, org.springframework.boot.test.web.client.TestRestTemplateContextCustomizer@6f12794b], resourceBasePath = 'src/main/webapp', contextLoader = 'org.springframework.boot.test.context.SpringBootContextLoader', parent = [null]], attributes = map['org.springframework.test.context.web.ServletTestExecutionListener.activateListener' -> false]]].
00:51:00.748 [Test worker] DEBUG org.springframework.test.context.support.TestPropertySourceUtils - Adding inlined properties to environment: {spring.jmx.enabled=false, org.springframework.boot.test.context.SpringBootTestContextBootstrapper=true, server.port=0}

  .   ____          _            __ _ _
 /\\ / ___'_ __ _ _(_)_ __  __ _ \ \ \ \
( ( )\___ | '_ | '_| | '_ \/ _` | \ \ \ \
 \\/  ___)| |_)| | | | | || (_| |  ) ) ) )
  '  |____| .__|_| |_|_| |_\__, | / / / /
 =========|_|==============|___/=/_/_/_/
 :: Spring Boot ::        (v2.1.7.RELEASE)

2020-12-01 00:51:01.169  INFO 5344 --- [    Test worker] c.k.z.s.web.IndexControllerTest          : Starting IndexControllerTest on gwon-yong-gil-ui-MacBook-Air.local with PID 5344 (started by kwon-young-gil in /Users/kwon-young-gil/Documents/project/Zipsa-webservice)
2020-12-01 00:51:01.172  INFO 5344 --- [    Test worker] c.k.z.s.web.IndexControllerTest          : No active profile set, falling back to default profiles: default
2020-12-01 00:51:02.997  INFO 5344 --- [    Test worker] .s.d.r.c.RepositoryConfigurationDelegate : Bootstrapping Spring Data repositories in DEFAULT mode.
2020-12-01 00:51:03.158  INFO 5344 --- [    Test worker] .s.d.r.c.RepositoryConfigurationDelegate : Finished Spring Data repository scanning in 143ms. Found 1 repository interfaces.
2020-12-01 00:51:03.987  INFO 5344 --- [    Test worker] trationDelegate$BeanPostProcessorChecker : Bean 'org.springframework.transaction.annotation.ProxyTransactionManagementConfiguration' of type [org.springframework.transaction.annotation.ProxyTransactionManagementConfiguration$$EnhancerBySpringCGLIB$$20c90d2c] is not eligible for getting processed by all BeanPostProcessors (for example: not eligible for auto-proxying)
2020-12-01 00:51:04.876  INFO 5344 --- [    Test worker] o.s.b.w.embedded.tomcat.TomcatWebServer  : Tomcat initialized with port(s): 0 (http)
2020-12-01 00:51:04.933  INFO 5344 --- [    Test worker] o.apache.catalina.core.StandardService   : Starting service [Tomcat]
2020-12-01 00:51:04.934  INFO 5344 --- [    Test worker] org.apache.catalina.core.StandardEngine  : Starting Servlet engine: [Apache Tomcat/9.0.22]
2020-12-01 00:51:05.152  INFO 5344 --- [    Test worker] o.a.c.c.C.[Tomcat].[localhost].[/]       : Initializing Spring embedded WebApplicationContext
2020-12-01 00:51:05.152  INFO 5344 --- [    Test worker] o.s.web.context.ContextLoader            : Root WebApplicationContext: initialization completed in 3919 ms
2020-12-01 00:51:05.710  INFO 5344 --- [    Test worker] com.zaxxer.hikari.HikariDataSource       : HikariPool-1 - Starting...
2020-12-01 00:51:06.101  INFO 5344 --- [    Test worker] com.zaxxer.hikari.HikariDataSource       : HikariPool-1 - Start completed.
2020-12-01 00:51:06.315  INFO 5344 --- [    Test worker] o.hibernate.jpa.internal.util.LogHelper  : HHH000204: Processing PersistenceUnitInfo [
	name: default
	...]
2020-12-01 00:51:06.472  INFO 5344 --- [    Test worker] org.hibernate.Version                    : HHH000412: Hibernate Core {5.3.10.Final}
2020-12-01 00:51:06.474  INFO 5344 --- [    Test worker] org.hibernate.cfg.Environment            : HHH000206: hibernate.properties not found
2020-12-01 00:51:06.823  INFO 5344 --- [    Test worker] o.hibernate.annotations.common.Version   : HCANN000001: Hibernate Commons Annotations {5.0.4.Final}
2020-12-01 00:51:07.067  INFO 5344 --- [    Test worker] org.hibernate.dialect.Dialect            : HHH000400: Using dialect: org.hibernate.dialect.MySQL5InnoDBDialect
Hibernate: drop table if exists posts
Hibernate: create table posts (id bigint not null auto_increment, created_date datetime, modified_date datetime, author varchar(255), content TEXT not null, title varchar(500) not null, primary key (id)) engine=InnoDB
2020-12-01 00:51:08.287  INFO 5344 --- [    Test worker] o.h.t.schema.internal.SchemaCreatorImpl  : HHH000476: Executing import script 'org.hibernate.tool.schema.internal.exec.ScriptSourceInputNonExistentImpl@2d71496c'
2020-12-01 00:51:08.293  INFO 5344 --- [    Test worker] j.LocalContainerEntityManagerFactoryBean : Initialized JPA EntityManagerFactory for persistence unit 'default'
2020-12-01 00:51:09.673  INFO 5344 --- [    Test worker] o.s.s.concurrent.ThreadPoolTaskExecutor  : Initializing ExecutorService 'applicationTaskExecutor'
2020-12-01 00:51:09.750  WARN 5344 --- [    Test worker] aWebConfiguration$JpaWebMvcConfiguration : spring.jpa.open-in-view is enabled by default. Therefore, database queries may be performed during view rendering. Explicitly configure spring.jpa.open-in-view to disable this warning
2020-12-01 00:51:09.849  INFO 5344 --- [    Test worker] o.s.b.a.w.s.WelcomePageHandlerMapping    : Adding welcome page template: index
2020-12-01 00:51:10.369  INFO 5344 --- [    Test worker] o.s.b.w.embedded.tomcat.TomcatWebServer  : Tomcat started on port(s): 50201 (http) with context path ''
2020-12-01 00:51:10.373  INFO 5344 --- [    Test worker] c.k.z.s.web.IndexControllerTest          : Started IndexControllerTest in 9.622 seconds (JVM running for 11.214)
2020-12-01 00:51:10.642  INFO 5344 --- [o-auto-1-exec-1] o.a.c.c.C.[Tomcat].[localhost].[/]       : Initializing Spring DispatcherServlet 'dispatcherServlet'
2020-12-01 00:51:10.643  INFO 5344 --- [o-auto-1-exec-1] o.s.web.servlet.DispatcherServlet        : Initializing Servlet 'dispatcherServlet'
2020-12-01 00:51:10.696  INFO 5344 --- [o-auto-1-exec-1] o.s.web.servlet.DispatcherServlet        : Completed initialization in 53 ms
]]></system-out>
  <system-err><![CDATA[]]></system-err>
</testsuite>
