<?xml version="1.0" encoding="UTF-8"?>
<testsuite name="com.kygirii88.zipsa.springboot.web.IndexControllerTest" tests="1" skipped="0" failures="0" errors="0" timestamp="2021-02-14T02:36:57" hostname="gwon-yong-gil-ui-MacBook-Air.local" time="0.506">
  <properties/>
  <testcase name="메인페이지_로딩" classname="com.kygirii88.zipsa.springboot.web.IndexControllerTest" time="0.506"/>
  <system-out><![CDATA[2021-02-14 11:36:44.560  INFO 2109 --- [    Test worker] .b.t.c.SpringBootTestContextBootstrapper : Neither @ContextConfiguration nor @ContextHierarchy found for test class [com.kygirii88.zipsa.springboot.web.IndexControllerTest], using SpringBootContextLoader
2021-02-14 11:36:44.561  INFO 2109 --- [    Test worker] o.s.t.c.support.AbstractContextLoader    : Could not detect default resource locations for test class [com.kygirii88.zipsa.springboot.web.IndexControllerTest]: no resource found for suffixes {-context.xml, Context.groovy}.
2021-02-14 11:36:44.561  INFO 2109 --- [    Test worker] t.c.s.AnnotationConfigContextLoaderUtils : Could not detect default configuration classes for test class [com.kygirii88.zipsa.springboot.web.IndexControllerTest]: IndexControllerTest does not declare any static, non-private, non-final, nested classes annotated with @Configuration.
2021-02-14 11:36:44.564  INFO 2109 --- [    Test worker] .b.t.c.SpringBootTestContextBootstrapper : Found @SpringBootConfiguration com.kygirii88.zipsa.springboot.Application for test class com.kygirii88.zipsa.springboot.web.IndexControllerTest
2021-02-14 11:36:44.573  INFO 2109 --- [    Test worker] .b.t.c.SpringBootTestContextBootstrapper : Loaded default TestExecutionListener class names from location [META-INF/spring.factories]: [org.springframework.security.test.context.support.WithSecurityContextTestExecutionListener, org.springframework.security.test.context.support.ReactorContextTestExecutionListener, org.springframework.boot.test.autoconfigure.restdocs.RestDocsTestExecutionListener, org.springframework.boot.test.autoconfigure.web.client.MockRestServiceServerResetTestExecutionListener, org.springframework.boot.test.autoconfigure.web.servlet.MockMvcPrintOnlyOnFailureTestExecutionListener, org.springframework.boot.test.autoconfigure.web.servlet.WebDriverTestExecutionListener, org.springframework.boot.test.mock.mockito.MockitoTestExecutionListener, org.springframework.boot.test.mock.mockito.ResetMocksTestExecutionListener, org.springframework.test.context.web.ServletTestExecutionListener, org.springframework.test.context.support.DirtiesContextBeforeModesTestExecutionListener, org.springframework.test.context.support.DependencyInjectionTestExecutionListener, org.springframework.test.context.support.DirtiesContextTestExecutionListener, org.springframework.test.context.transaction.TransactionalTestExecutionListener, org.springframework.test.context.jdbc.SqlScriptsTestExecutionListener]
2021-02-14 11:36:44.574  INFO 2109 --- [    Test worker] .b.t.c.SpringBootTestContextBootstrapper : Using TestExecutionListeners: [org.springframework.test.context.web.ServletTestExecutionListener@6edc7f90, org.springframework.test.context.support.DirtiesContextBeforeModesTestExecutionListener@43f5e4f2, org.springframework.boot.test.mock.mockito.MockitoTestExecutionListener@7d154ba8, org.springframework.boot.test.autoconfigure.SpringBootDependencyInjectionTestExecutionListener@77af81e0, org.springframework.test.context.support.DirtiesContextTestExecutionListener@7a02507a, org.springframework.test.context.transaction.TransactionalTestExecutionListener@163ce9bc, org.springframework.test.context.jdbc.SqlScriptsTestExecutionListener@4123a8d8, org.springframework.security.test.context.support.WithSecurityContextTestExecutionListener@4a88819d, org.springframework.security.test.context.support.ReactorContextTestExecutionListener@22e18936, org.springframework.boot.test.autoconfigure.restdocs.RestDocsTestExecutionListener@5361e5df, org.springframework.boot.test.autoconfigure.web.client.MockRestServiceServerResetTestExecutionListener@f58e203, org.springframework.boot.test.autoconfigure.web.servlet.MockMvcPrintOnlyOnFailureTestExecutionListener@1d20e1c, org.springframework.boot.test.autoconfigure.web.servlet.WebDriverTestExecutionListener@2fd49f29, org.springframework.boot.test.mock.mockito.ResetMocksTestExecutionListener@73c7d811]

  .   ____          _            __ _ _
 /\\ / ___'_ __ _ _(_)_ __  __ _ \ \ \ \
( ( )\___ | '_ | '_| | '_ \/ _` | \ \ \ \
 \\/  ___)| |_)| | | | | || (_| |  ) ) ) )
  '  |____| .__|_| |_|_| |_\__, | / / / /
 =========|_|==============|___/=/_/_/_/
 :: Spring Boot ::        (v2.1.7.RELEASE)

2021-02-14 11:36:44.675  INFO 2109 --- [    Test worker] c.k.z.s.web.IndexControllerTest          : Starting IndexControllerTest on gwon-yong-gil-ui-MacBook-Air.local with PID 2109 (started by kwon-young-gil in /Users/kwon-young-gil/Documents/project/Zipsa-webservice)
2021-02-14 11:36:44.676  INFO 2109 --- [    Test worker] c.k.z.s.web.IndexControllerTest          : No active profile set, falling back to default profiles: default
2021-02-14 11:36:45.546  INFO 2109 --- [    Test worker] .s.d.r.c.RepositoryConfigurationDelegate : Bootstrapping Spring Data repositories in DEFAULT mode.
2021-02-14 11:36:45.707  INFO 2109 --- [    Test worker] .s.d.r.c.RepositoryConfigurationDelegate : Finished Spring Data repository scanning in 135ms. Found 2 repository interfaces.
2021-02-14 11:36:46.519  INFO 2109 --- [    Test worker] trationDelegate$BeanPostProcessorChecker : Bean 'org.springframework.transaction.annotation.ProxyTransactionManagementConfiguration' of type [org.springframework.transaction.annotation.ProxyTransactionManagementConfiguration$$EnhancerBySpringCGLIB$$daeec77a] is not eligible for getting processed by all BeanPostProcessors (for example: not eligible for auto-proxying)
2021-02-14 11:36:47.427  INFO 2109 --- [    Test worker] o.s.b.w.embedded.tomcat.TomcatWebServer  : Tomcat initialized with port(s): 0 (http)
2021-02-14 11:36:47.511  INFO 2109 --- [    Test worker] o.apache.catalina.core.StandardService   : Starting service [Tomcat]
2021-02-14 11:36:47.513  INFO 2109 --- [    Test worker] org.apache.catalina.core.StandardEngine  : Starting Servlet engine: [Apache Tomcat/9.0.22]
2021-02-14 11:36:47.909  INFO 2109 --- [    Test worker] o.a.c.c.C.[Tomcat].[localhost].[/]       : Initializing Spring embedded WebApplicationContext
2021-02-14 11:36:47.911  INFO 2109 --- [    Test worker] o.s.web.context.ContextLoader            : Root WebApplicationContext: initialization completed in 3232 ms
2021-02-14 11:36:48.428  INFO 2109 --- [    Test worker] com.zaxxer.hikari.HikariDataSource       : HikariPool-1 - Starting...
2021-02-14 11:36:49.005  INFO 2109 --- [    Test worker] com.zaxxer.hikari.HikariDataSource       : HikariPool-1 - Start completed.
2021-02-14 11:36:49.279  INFO 2109 --- [    Test worker] o.hibernate.jpa.internal.util.LogHelper  : HHH000204: Processing PersistenceUnitInfo [
	name: default
	...]
2021-02-14 11:36:49.552  INFO 2109 --- [    Test worker] org.hibernate.Version                    : HHH000412: Hibernate Core {5.3.10.Final}
2021-02-14 11:36:49.558  INFO 2109 --- [    Test worker] org.hibernate.cfg.Environment            : HHH000206: hibernate.properties not found
2021-02-14 11:36:49.727  INFO 2109 --- [    Test worker] o.hibernate.annotations.common.Version   : HCANN000001: Hibernate Commons Annotations {5.0.4.Final}
2021-02-14 11:36:50.195  INFO 2109 --- [    Test worker] org.hibernate.dialect.Dialect            : HHH000400: Using dialect: org.hibernate.dialect.MySQL5InnoDBDialect
Hibernate: drop table if exists posts
Hibernate: drop table if exists user
Hibernate: create table posts (id bigint not null auto_increment, created_date datetime, modified_date datetime, author varchar(255), content TEXT not null, title varchar(500) not null, primary key (id)) engine=InnoDB
Hibernate: create table user (id bigint not null auto_increment, created_date datetime, modified_date datetime, email varchar(255) not null, name varchar(255) not null, picture varchar(255), role varchar(255) not null, primary key (id)) engine=InnoDB
2021-02-14 11:36:52.653  INFO 2109 --- [    Test worker] o.h.t.schema.internal.SchemaCreatorImpl  : HHH000476: Executing import script 'org.hibernate.tool.schema.internal.exec.ScriptSourceInputNonExistentImpl@3b07481f'
2021-02-14 11:36:52.671  INFO 2109 --- [    Test worker] j.LocalContainerEntityManagerFactoryBean : Initialized JPA EntityManagerFactory for persistence unit 'default'
2021-02-14 11:36:55.380  INFO 2109 --- [    Test worker] o.h.h.i.QueryTranslatorFactoryInitiator  : HHH000397: Using ASTQueryTranslatorFactory
2021-02-14 11:36:56.199  INFO 2109 --- [    Test worker] o.s.s.web.DefaultSecurityFilterChain     : Creating filter chain: any request, [org.springframework.security.web.context.request.async.WebAsyncManagerIntegrationFilter@51fb5d85, org.springframework.security.web.context.SecurityContextPersistenceFilter@7b3f430b, org.springframework.security.web.header.HeaderWriterFilter@5eee02bb, org.springframework.security.web.authentication.logout.LogoutFilter@3021980d, org.springframework.security.oauth2.client.web.OAuth2AuthorizationRequestRedirectFilter@288a2202, org.springframework.security.oauth2.client.web.OAuth2LoginAuthenticationFilter@35600c21, org.springframework.security.web.authentication.ui.DefaultLoginPageGeneratingFilter@3107a23d, org.springframework.security.web.authentication.ui.DefaultLogoutPageGeneratingFilter@53e450f4, org.springframework.security.web.savedrequest.RequestCacheAwareFilter@7507b7f, org.springframework.security.web.servletapi.SecurityContextHolderAwareRequestFilter@29854af4, org.springframework.security.web.authentication.AnonymousAuthenticationFilter@66d04fad, org.springframework.security.web.session.SessionManagementFilter@8a2171e, org.springframework.security.web.access.ExceptionTranslationFilter@6c720c27, org.springframework.security.web.access.intercept.FilterSecurityInterceptor@5b735bc1]
2021-02-14 11:36:56.652  INFO 2109 --- [    Test worker] o.s.s.concurrent.ThreadPoolTaskExecutor  : Initializing ExecutorService 'applicationTaskExecutor'
2021-02-14 11:36:56.681  WARN 2109 --- [    Test worker] aWebConfiguration$JpaWebMvcConfiguration : spring.jpa.open-in-view is enabled by default. Therefore, database queries may be performed during view rendering. Explicitly configure spring.jpa.open-in-view to disable this warning
2021-02-14 11:36:56.753  INFO 2109 --- [    Test worker] o.s.b.a.w.s.WelcomePageHandlerMapping    : Adding welcome page template: index
2021-02-14 11:36:57.426  INFO 2109 --- [    Test worker] s.a.ScheduledAnnotationBeanPostProcessor : No TaskScheduler/ScheduledExecutorService bean found for scheduled processing
2021-02-14 11:36:57.484  INFO 2109 --- [    Test worker] o.s.b.w.embedded.tomcat.TomcatWebServer  : Tomcat started on port(s): 49594 (http) with context path ''
2021-02-14 11:36:57.486  INFO 2109 --- [    Test worker] c.k.z.s.web.IndexControllerTest          : Started IndexControllerTest in 12.909 seconds (JVM running for 23.343)
2021-02-14 11:36:57.730  INFO 2109 --- [o-auto-1-exec-1] o.a.c.c.C.[Tomcat].[localhost].[/]       : Initializing Spring DispatcherServlet 'dispatcherServlet'
2021-02-14 11:36:57.730  INFO 2109 --- [o-auto-1-exec-1] o.s.web.servlet.DispatcherServlet        : Initializing Servlet 'dispatcherServlet'
2021-02-14 11:36:57.769  INFO 2109 --- [o-auto-1-exec-1] o.s.web.servlet.DispatcherServlet        : Completed initialization in 38 ms
Hibernate: select posts0_.id as id1_0_, posts0_.created_date as created_2_0_, posts0_.modified_date as modified3_0_, posts0_.author as author4_0_, posts0_.content as content5_0_, posts0_.title as title6_0_ from posts posts0_ order by posts0_.id DESC
]]></system-out>
  <system-err><![CDATA[]]></system-err>
</testsuite>
